[0.125s] DEBUG:colcon:Command line arguments: ['/usr/bin/colcon', 'build']
[0.125s] DEBUG:colcon:Parsed command line arguments: Namespace(log_base=None, log_level=None, verb_name='build', build_base='build', install_base='install', merge_install=False, symlink_install=False, test_result_base=None, continue_on_error=False, executor='parallel', parallel_workers=16, event_handlers=None, ignore_user_meta=False, metas=['./colcon.meta'], base_paths=['.'], packages_ignore=None, packages_ignore_regex=None, paths=None, packages_up_to=None, packages_up_to_regex=None, packages_above=None, packages_above_and_dependencies=None, packages_above_depth=None, packages_select_by_dep=None, packages_skip_by_dep=None, packages_skip_up_to=None, packages_select_build_failed=False, packages_skip_build_finished=False, packages_select_test_failures=False, packages_skip_test_passed=False, packages_select=None, packages_skip=None, packages_select_regex=None, packages_skip_regex=None, packages_start=None, packages_end=None, allow_overriding=[], cmake_args=None, cmake_target=None, cmake_target_skip_unavailable=False, cmake_clean_cache=False, cmake_clean_first=False, cmake_force_configure=False, ament_cmake_args=None, catkin_cmake_args=None, catkin_skip_building_tests=False, mixin_files=None, mixin=None, verb_parser=<colcon_mixin.mixin.mixin_argument.MixinArgumentDecorator object at 0x794797c7d870>, verb_extension=<colcon_core.verb.build.BuildVerb object at 0x794797d9f760>, main=<bound method BuildVerb.main of <colcon_core.verb.build.BuildVerb object at 0x794797d9f760>>, mixin_verb=('build',))
[0.366s] Level 1:colcon.colcon_core.package_discovery:discover_packages(colcon_meta) check parameters
[0.366s] Level 1:colcon.colcon_core.package_discovery:discover_packages(recursive) check parameters
[0.366s] Level 1:colcon.colcon_core.package_discovery:discover_packages(ignore) check parameters
[0.366s] Level 1:colcon.colcon_core.package_discovery:discover_packages(path) check parameters
[0.366s] Level 1:colcon.colcon_core.package_discovery:discover_packages(colcon_meta) discover
[0.366s] Level 1:colcon.colcon_core.package_discovery:discover_packages(recursive) discover
[0.366s] INFO:colcon.colcon_core.package_discovery:Crawling recursively for packages in '/home/thuvaraga/carla/carla_project/prj_ws'
[0.366s] Level 1:colcon.colcon_core.package_identification:_identify(.) by extensions ['ignore', 'ignore_ament_install']
[0.366s] Level 1:colcon.colcon_core.package_identification:_identify(.) by extension 'ignore'
[0.367s] Level 1:colcon.colcon_core.package_identification:_identify(.) by extension 'ignore_ament_install'
[0.367s] Level 1:colcon.colcon_core.package_identification:_identify(.) by extensions ['colcon_pkg']
[0.367s] Level 1:colcon.colcon_core.package_identification:_identify(.) by extension 'colcon_pkg'
[0.367s] Level 1:colcon.colcon_core.package_identification:_identify(.) by extensions ['colcon_meta']
[0.367s] Level 1:colcon.colcon_core.package_identification:_identify(.) by extension 'colcon_meta'
[0.367s] Level 1:colcon.colcon_core.package_identification:_identify(.) by extensions ['ros']
[0.367s] Level 1:colcon.colcon_core.package_identification:_identify(.) by extension 'ros'
[0.377s] Level 1:colcon.colcon_core.package_identification:_identify(.) by extensions ['cmake', 'python']
[0.377s] Level 1:colcon.colcon_core.package_identification:_identify(.) by extension 'cmake'
[0.377s] Level 1:colcon.colcon_core.package_identification:_identify(.) by extension 'python'
[0.377s] Level 1:colcon.colcon_core.package_identification:_identify(.) by extensions ['python_setup_py']
[0.377s] Level 1:colcon.colcon_core.package_identification:_identify(.) by extension 'python_setup_py'
[0.377s] Level 1:colcon.colcon_core.package_identification:_identify(build) by extensions ['ignore', 'ignore_ament_install']
[0.377s] Level 1:colcon.colcon_core.package_identification:_identify(build) by extension 'ignore'
[0.377s] Level 1:colcon.colcon_core.package_identification:_identify(build) ignored
[0.377s] Level 1:colcon.colcon_core.package_identification:_identify(install) by extensions ['ignore', 'ignore_ament_install']
[0.377s] Level 1:colcon.colcon_core.package_identification:_identify(install) by extension 'ignore'
[0.377s] Level 1:colcon.colcon_core.package_identification:_identify(install) ignored
[0.377s] Level 1:colcon.colcon_core.package_identification:_identify(log) by extensions ['ignore', 'ignore_ament_install']
[0.377s] Level 1:colcon.colcon_core.package_identification:_identify(log) by extension 'ignore'
[0.377s] Level 1:colcon.colcon_core.package_identification:_identify(log) ignored
[0.377s] Level 1:colcon.colcon_core.package_identification:_identify(src) by extensions ['ignore', 'ignore_ament_install']
[0.377s] Level 1:colcon.colcon_core.package_identification:_identify(src) by extension 'ignore'
[0.377s] Level 1:colcon.colcon_core.package_identification:_identify(src) by extension 'ignore_ament_install'
[0.378s] Level 1:colcon.colcon_core.package_identification:_identify(src) by extensions ['colcon_pkg']
[0.378s] Level 1:colcon.colcon_core.package_identification:_identify(src) by extension 'colcon_pkg'
[0.378s] Level 1:colcon.colcon_core.package_identification:_identify(src) by extensions ['colcon_meta']
[0.378s] Level 1:colcon.colcon_core.package_identification:_identify(src) by extension 'colcon_meta'
[0.378s] Level 1:colcon.colcon_core.package_identification:_identify(src) by extensions ['ros']
[0.378s] Level 1:colcon.colcon_core.package_identification:_identify(src) by extension 'ros'
[0.378s] Level 1:colcon.colcon_core.package_identification:_identify(src) by extensions ['cmake', 'python']
[0.378s] Level 1:colcon.colcon_core.package_identification:_identify(src) by extension 'cmake'
[0.378s] Level 1:colcon.colcon_core.package_identification:_identify(src) by extension 'python'
[0.378s] Level 1:colcon.colcon_core.package_identification:_identify(src) by extensions ['python_setup_py']
[0.378s] Level 1:colcon.colcon_core.package_identification:_identify(src) by extension 'python_setup_py'
[0.378s] Level 1:colcon.colcon_core.package_identification:_identify(src/carla_vehicle) by extensions ['ignore', 'ignore_ament_install']
[0.378s] Level 1:colcon.colcon_core.package_identification:_identify(src/carla_vehicle) by extension 'ignore'
[0.378s] Level 1:colcon.colcon_core.package_identification:_identify(src/carla_vehicle) by extension 'ignore_ament_install'
[0.378s] Level 1:colcon.colcon_core.package_identification:_identify(src/carla_vehicle) by extensions ['colcon_pkg']
[0.378s] Level 1:colcon.colcon_core.package_identification:_identify(src/carla_vehicle) by extension 'colcon_pkg'
[0.378s] Level 1:colcon.colcon_core.package_identification:_identify(src/carla_vehicle) by extensions ['colcon_meta']
[0.378s] Level 1:colcon.colcon_core.package_identification:_identify(src/carla_vehicle) by extension 'colcon_meta'
[0.378s] Level 1:colcon.colcon_core.package_identification:_identify(src/carla_vehicle) by extensions ['ros']
[0.378s] Level 1:colcon.colcon_core.package_identification:_identify(src/carla_vehicle) by extension 'ros'
[0.381s] DEBUG:colcon.colcon_core.package_identification:Package 'src/carla_vehicle' with type 'ros.ament_python' and name 'carla_vehicle'
[0.381s] Level 1:colcon.colcon_core.package_discovery:discover_packages(recursive) using defaults
[0.381s] Level 1:colcon.colcon_core.package_discovery:discover_packages(ignore) discover
[0.381s] Level 1:colcon.colcon_core.package_discovery:discover_packages(ignore) using defaults
[0.381s] Level 1:colcon.colcon_core.package_discovery:discover_packages(path) discover
[0.381s] Level 1:colcon.colcon_core.package_discovery:discover_packages(path) using defaults
[0.400s] Level 1:colcon.colcon_core.package_discovery:discover_packages(prefix_path) check parameters
[0.400s] Level 1:colcon.colcon_core.package_discovery:discover_packages(prefix_path) discover
[0.402s] DEBUG:colcon.colcon_installed_package_information.package_discovery:Found 1 installed packages in /home/thuvaraga/carla/carla_project/prj_ws/install
[0.404s] DEBUG:colcon.colcon_installed_package_information.package_discovery:Found 621 installed packages in /opt/ros/humble
[0.407s] Level 1:colcon.colcon_core.package_discovery:discover_packages(prefix_path) using defaults
[0.471s] Level 5:colcon.colcon_core.verb:set package 'carla_vehicle' build argument 'cmake_args' from command line to 'None'
[0.471s] Level 5:colcon.colcon_core.verb:set package 'carla_vehicle' build argument 'cmake_target' from command line to 'None'
[0.471s] Level 5:colcon.colcon_core.verb:set package 'carla_vehicle' build argument 'cmake_target_skip_unavailable' from command line to 'False'
[0.471s] Level 5:colcon.colcon_core.verb:set package 'carla_vehicle' build argument 'cmake_clean_cache' from command line to 'False'
[0.471s] Level 5:colcon.colcon_core.verb:set package 'carla_vehicle' build argument 'cmake_clean_first' from command line to 'False'
[0.471s] Level 5:colcon.colcon_core.verb:set package 'carla_vehicle' build argument 'cmake_force_configure' from command line to 'False'
[0.471s] Level 5:colcon.colcon_core.verb:set package 'carla_vehicle' build argument 'ament_cmake_args' from command line to 'None'
[0.471s] Level 5:colcon.colcon_core.verb:set package 'carla_vehicle' build argument 'catkin_cmake_args' from command line to 'None'
[0.471s] Level 5:colcon.colcon_core.verb:set package 'carla_vehicle' build argument 'catkin_skip_building_tests' from command line to 'False'
[0.471s] DEBUG:colcon.colcon_core.verb:Building package 'carla_vehicle' with the following arguments: {'ament_cmake_args': None, 'build_base': '/home/thuvaraga/carla/carla_project/prj_ws/build/carla_vehicle', 'catkin_cmake_args': None, 'catkin_skip_building_tests': False, 'cmake_args': None, 'cmake_clean_cache': False, 'cmake_clean_first': False, 'cmake_force_configure': False, 'cmake_target': None, 'cmake_target_skip_unavailable': False, 'install_base': '/home/thuvaraga/carla/carla_project/prj_ws/install/carla_vehicle', 'merge_install': False, 'path': '/home/thuvaraga/carla/carla_project/prj_ws/src/carla_vehicle', 'symlink_install': False, 'test_result_base': None}
[0.471s] INFO:colcon.colcon_core.executor:Executing jobs using 'parallel' executor
[0.472s] DEBUG:colcon.colcon_parallel_executor.executor.parallel:run_until_complete
[0.473s] INFO:colcon.colcon_ros.task.ament_python.build:Building ROS package in '/home/thuvaraga/carla/carla_project/prj_ws/src/carla_vehicle' with build type 'ament_python'
[0.473s] Level 1:colcon.colcon_core.shell:create_environment_hook('carla_vehicle', 'ament_prefix_path')
[0.475s] INFO:colcon.colcon_core.plugin_system:Skipping extension 'colcon_core.shell.bat': Not used on non-Windows systems
[0.475s] INFO:colcon.colcon_core.shell:Creating environment hook '/home/thuvaraga/carla/carla_project/prj_ws/install/carla_vehicle/share/carla_vehicle/hook/ament_prefix_path.ps1'
[0.476s] INFO:colcon.colcon_core.shell:Creating environment descriptor '/home/thuvaraga/carla/carla_project/prj_ws/install/carla_vehicle/share/carla_vehicle/hook/ament_prefix_path.dsv'
[0.476s] INFO:colcon.colcon_core.shell:Creating environment hook '/home/thuvaraga/carla/carla_project/prj_ws/install/carla_vehicle/share/carla_vehicle/hook/ament_prefix_path.sh'
[0.477s] INFO:colcon.colcon_core.shell:Skip shell extension 'powershell' for command environment: Not usable outside of PowerShell
[0.477s] DEBUG:colcon.colcon_core.shell:Skip shell extension 'dsv' for command environment
[0.779s] INFO:colcon.colcon_core.task.python.build:Building Python package in '/home/thuvaraga/carla/carla_project/prj_ws/src/carla_vehicle'
[0.780s] INFO:colcon.colcon_core.shell:Skip shell extension 'powershell' for command environment: Not usable outside of PowerShell
[0.780s] DEBUG:colcon.colcon_core.shell:Skip shell extension 'dsv' for command environment
[1.231s] DEBUG:colcon.colcon_core.event_handler.log_command:Invoking command in '/home/thuvaraga/carla/carla_project/prj_ws/src/carla_vehicle': PYTHONPATH=/home/thuvaraga/carla/carla_project/prj_ws/build/carla_vehicle/prefix_override:/usr/lib/python3/dist-packages/colcon_core/task/python/colcon_distutils_commands:/home/thuvaraga/carla/carla_project/prj_ws/install/carla_vehicle/lib/python3.10/site-packages:${PYTHONPATH} /usr/bin/python3 -W ignore:setup.py install is deprecated -W ignore:easy_install command is deprecated setup.py egg_info --egg-base ../../build/carla_vehicle build --build-base /home/thuvaraga/carla/carla_project/prj_ws/build/carla_vehicle/build install --record /home/thuvaraga/carla/carla_project/prj_ws/build/carla_vehicle/install.log --single-version-externally-managed install_data
[1.558s] DEBUG:colcon.colcon_core.event_handler.log_command:Invoked command in '/home/thuvaraga/carla/carla_project/prj_ws/src/carla_vehicle' returned '0': PYTHONPATH=/home/thuvaraga/carla/carla_project/prj_ws/build/carla_vehicle/prefix_override:/usr/lib/python3/dist-packages/colcon_core/task/python/colcon_distutils_commands:/home/thuvaraga/carla/carla_project/prj_ws/install/carla_vehicle/lib/python3.10/site-packages:${PYTHONPATH} /usr/bin/python3 -W ignore:setup.py install is deprecated -W ignore:easy_install command is deprecated setup.py egg_info --egg-base ../../build/carla_vehicle build --build-base /home/thuvaraga/carla/carla_project/prj_ws/build/carla_vehicle/build install --record /home/thuvaraga/carla/carla_project/prj_ws/build/carla_vehicle/install.log --single-version-externally-managed install_data
[1.560s] Level 1:colcon.colcon_core.environment:checking '/home/thuvaraga/carla/carla_project/prj_ws/install/carla_vehicle' for CMake module files
[1.560s] Level 1:colcon.colcon_core.environment:checking '/home/thuvaraga/carla/carla_project/prj_ws/install/carla_vehicle' for CMake config files
[1.561s] Level 1:colcon.colcon_core.environment:checking '/home/thuvaraga/carla/carla_project/prj_ws/install/carla_vehicle/lib'
[1.561s] Level 1:colcon.colcon_core.environment:checking '/home/thuvaraga/carla/carla_project/prj_ws/install/carla_vehicle/bin'
[1.561s] Level 1:colcon.colcon_core.environment:checking '/home/thuvaraga/carla/carla_project/prj_ws/install/carla_vehicle/lib/pkgconfig/carla_vehicle.pc'
[1.562s] Level 1:colcon.colcon_core.environment:checking '/home/thuvaraga/carla/carla_project/prj_ws/install/carla_vehicle/lib/python3.10/site-packages'
[1.562s] Level 1:colcon.colcon_core.shell:create_environment_hook('carla_vehicle', 'pythonpath')
[1.562s] INFO:colcon.colcon_core.shell:Creating environment hook '/home/thuvaraga/carla/carla_project/prj_ws/install/carla_vehicle/share/carla_vehicle/hook/pythonpath.ps1'
[1.562s] INFO:colcon.colcon_core.shell:Creating environment descriptor '/home/thuvaraga/carla/carla_project/prj_ws/install/carla_vehicle/share/carla_vehicle/hook/pythonpath.dsv'
[1.563s] INFO:colcon.colcon_core.shell:Creating environment hook '/home/thuvaraga/carla/carla_project/prj_ws/install/carla_vehicle/share/carla_vehicle/hook/pythonpath.sh'
[1.563s] Level 1:colcon.colcon_core.environment:checking '/home/thuvaraga/carla/carla_project/prj_ws/install/carla_vehicle/bin'
[1.563s] Level 1:colcon.colcon_core.environment:create_environment_scripts_only(carla_vehicle)
[1.564s] INFO:colcon.colcon_core.shell:Creating package script '/home/thuvaraga/carla/carla_project/prj_ws/install/carla_vehicle/share/carla_vehicle/package.ps1'
[1.564s] INFO:colcon.colcon_core.shell:Creating package descriptor '/home/thuvaraga/carla/carla_project/prj_ws/install/carla_vehicle/share/carla_vehicle/package.dsv'
[1.565s] INFO:colcon.colcon_core.shell:Creating package script '/home/thuvaraga/carla/carla_project/prj_ws/install/carla_vehicle/share/carla_vehicle/package.sh'
[1.565s] INFO:colcon.colcon_core.shell:Creating package script '/home/thuvaraga/carla/carla_project/prj_ws/install/carla_vehicle/share/carla_vehicle/package.bash'
[1.566s] INFO:colcon.colcon_core.shell:Creating package script '/home/thuvaraga/carla/carla_project/prj_ws/install/carla_vehicle/share/carla_vehicle/package.zsh'
[1.566s] Level 1:colcon.colcon_core.environment:create_file_with_runtime_dependencies(/home/thuvaraga/carla/carla_project/prj_ws/install/carla_vehicle/share/colcon-core/packages/carla_vehicle)
[1.567s] DEBUG:colcon.colcon_parallel_executor.executor.parallel:closing loop
[1.567s] DEBUG:colcon.colcon_parallel_executor.executor.parallel:loop closed
[1.567s] DEBUG:colcon.colcon_parallel_executor.executor.parallel:run_until_complete finished with '0'
[1.567s] DEBUG:colcon.colcon_core.event_reactor:joining thread
[1.572s] INFO:colcon.colcon_core.plugin_system:Skipping extension 'colcon_notification.desktop_notification.terminal_notifier': Not used on non-Darwin systems
[1.572s] INFO:colcon.colcon_core.plugin_system:Skipping extension 'colcon_notification.desktop_notification.win32': Not used on non-Windows systems
[1.572s] INFO:colcon.colcon_notification.desktop_notification:Sending desktop notification using 'notify2'
[1.585s] DEBUG:colcon.colcon_core.event_reactor:joined thread
[1.586s] INFO:colcon.colcon_core.shell:Creating prefix script '/home/thuvaraga/carla/carla_project/prj_ws/install/local_setup.ps1'
[1.587s] INFO:colcon.colcon_core.shell:Creating prefix util module '/home/thuvaraga/carla/carla_project/prj_ws/install/_local_setup_util_ps1.py'
[1.588s] INFO:colcon.colcon_core.shell:Creating prefix chain script '/home/thuvaraga/carla/carla_project/prj_ws/install/setup.ps1'
[1.589s] INFO:colcon.colcon_core.shell:Creating prefix script '/home/thuvaraga/carla/carla_project/prj_ws/install/local_setup.sh'
[1.589s] INFO:colcon.colcon_core.shell:Creating prefix util module '/home/thuvaraga/carla/carla_project/prj_ws/install/_local_setup_util_sh.py'
[1.590s] INFO:colcon.colcon_core.shell:Creating prefix chain script '/home/thuvaraga/carla/carla_project/prj_ws/install/setup.sh'
[1.591s] INFO:colcon.colcon_core.shell:Creating prefix script '/home/thuvaraga/carla/carla_project/prj_ws/install/local_setup.bash'
[1.591s] INFO:colcon.colcon_core.shell:Creating prefix chain script '/home/thuvaraga/carla/carla_project/prj_ws/install/setup.bash'
[1.592s] INFO:colcon.colcon_core.shell:Creating prefix script '/home/thuvaraga/carla/carla_project/prj_ws/install/local_setup.zsh'
[1.592s] INFO:colcon.colcon_core.shell:Creating prefix chain script '/home/thuvaraga/carla/carla_project/prj_ws/install/setup.zsh'
