[0.676s] Invoking command in '/home/thuvaraga/carla/carla_project/prj_ws/src/carla_vehicle': PYTHONPATH=/home/thuvaraga/carla/carla_project/prj_ws/build/carla_vehicle/prefix_override:/usr/lib/python3/dist-packages/colcon_core/task/python/colcon_distutils_commands:/home/thuvaraga/carla/carla_project/prj_ws/install/carla_vehicle/lib/python3.10/site-packages:${PYTHONPATH} /usr/bin/python3 -W ignore:setup.py install is deprecated -W ignore:easy_install command is deprecated setup.py egg_info --egg-base ../../build/carla_vehicle build --build-base /home/thuvaraga/carla/carla_project/prj_ws/build/carla_vehicle/build install --record /home/thuvaraga/carla/carla_project/prj_ws/build/carla_vehicle/install.log --single-version-externally-managed install_data
[0.944s] running egg_info
[0.944s] writing ../../build/carla_vehicle/carla_vehicle.egg-info/PKG-INFO
[0.944s] writing dependency_links to ../../build/carla_vehicle/carla_vehicle.egg-info/dependency_links.txt
[0.945s] writing entry points to ../../build/carla_vehicle/carla_vehicle.egg-info/entry_points.txt
[0.945s] writing requirements to ../../build/carla_vehicle/carla_vehicle.egg-info/requires.txt
[0.945s] writing top-level names to ../../build/carla_vehicle/carla_vehicle.egg-info/top_level.txt
[0.946s] reading manifest file '../../build/carla_vehicle/carla_vehicle.egg-info/SOURCES.txt'
[0.946s] adding license file 'LICENSE'
[0.947s] writing manifest file '../../build/carla_vehicle/carla_vehicle.egg-info/SOURCES.txt'
[0.947s] running build
[0.947s] running build_py
[0.947s] copying carla_vehicle/vehicle.py -> /home/thuvaraga/carla/carla_project/prj_ws/build/carla_vehicle/build/lib/carla_vehicle
[0.948s] running install
[0.948s] running install_lib
[0.948s] copying /home/thuvaraga/carla/carla_project/prj_ws/build/carla_vehicle/build/lib/carla_vehicle/vehicle.py -> /home/thuvaraga/carla/carla_project/prj_ws/install/carla_vehicle/lib/python3.10/site-packages/carla_vehicle
[0.949s] byte-compiling /home/thuvaraga/carla/carla_project/prj_ws/install/carla_vehicle/lib/python3.10/site-packages/carla_vehicle/vehicle.py to vehicle.cpython-310.pyc
[0.952s] running install_data
[0.952s] running install_egg_info
[0.954s] removing '/home/thuvaraga/carla/carla_project/prj_ws/install/carla_vehicle/lib/python3.10/site-packages/carla_vehicle-0.0.0-py3.10.egg-info' (and everything under it)
[0.954s] Copying ../../build/carla_vehicle/carla_vehicle.egg-info to /home/thuvaraga/carla/carla_project/prj_ws/install/carla_vehicle/lib/python3.10/site-packages/carla_vehicle-0.0.0-py3.10.egg-info
[0.954s] running install_scripts
[0.973s] Installing vehicle script to /home/thuvaraga/carla/carla_project/prj_ws/install/carla_vehicle/lib/carla_vehicle
[0.973s] writing list of installed files to '/home/thuvaraga/carla/carla_project/prj_ws/build/carla_vehicle/install.log'
[0.991s] Invoked command in '/home/thuvaraga/carla/carla_project/prj_ws/src/carla_vehicle' returned '0': PYTHONPATH=/home/thuvaraga/carla/carla_project/prj_ws/build/carla_vehicle/prefix_override:/usr/lib/python3/dist-packages/colcon_core/task/python/colcon_distutils_commands:/home/thuvaraga/carla/carla_project/prj_ws/install/carla_vehicle/lib/python3.10/site-packages:${PYTHONPATH} /usr/bin/python3 -W ignore:setup.py install is deprecated -W ignore:easy_install command is deprecated setup.py egg_info --egg-base ../../build/carla_vehicle build --build-base /home/thuvaraga/carla/carla_project/prj_ws/build/carla_vehicle/build install --record /home/thuvaraga/carla/carla_project/prj_ws/build/carla_vehicle/install.log --single-version-externally-managed install_data
