[0.227s] DEBUG:colcon:Command line arguments: ['/usr/bin/colcon', 'build']
[0.227s] DEBUG:colcon:Parsed command line arguments: Namespace(log_base=None, log_level=None, verb_name='build', build_base='build', install_base='install', merge_install=False, symlink_install=False, test_result_base=None, continue_on_error=False, executor='parallel', parallel_workers=16, event_handlers=None, ignore_user_meta=False, metas=['./colcon.meta'], base_paths=['.'], packages_ignore=None, packages_ignore_regex=None, paths=None, packages_up_to=None, packages_up_to_regex=None, packages_above=None, packages_above_and_dependencies=None, packages_above_depth=None, packages_select_by_dep=None, packages_skip_by_dep=None, packages_skip_up_to=None, packages_select_build_failed=False, packages_skip_build_finished=False, packages_select_test_failures=False, packages_skip_test_passed=False, packages_select=None, packages_skip=None, packages_select_regex=None, packages_skip_regex=None, packages_start=None, packages_end=None, allow_overriding=[], cmake_args=None, cmake_target=None, cmake_target_skip_unavailable=False, cmake_clean_cache=False, cmake_clean_first=False, cmake_force_configure=False, ament_cmake_args=None, catkin_cmake_args=None, catkin_skip_building_tests=False, mixin_files=None, mixin=None, verb_parser=<colcon_mixin.mixin.mixin_argument.MixinArgumentDecorator object at 0x76f95f79ffa0>, verb_extension=<colcon_core.verb.build.BuildVerb object at 0x76f95f8c5ff0>, main=<bound method BuildVerb.main of <colcon_core.verb.build.BuildVerb object at 0x76f95f8c5ff0>>, mixin_verb=('build',))
[0.989s] Level 1:colcon.colcon_core.package_discovery:discover_packages(colcon_meta) check parameters
[0.990s] Level 1:colcon.colcon_core.package_discovery:discover_packages(recursive) check parameters
[0.990s] Level 1:colcon.colcon_core.package_discovery:discover_packages(ignore) check parameters
[0.990s] Level 1:colcon.colcon_core.package_discovery:discover_packages(path) check parameters
[0.990s] Level 1:colcon.colcon_core.package_discovery:discover_packages(colcon_meta) discover
[0.991s] Level 1:colcon.colcon_core.package_discovery:discover_packages(recursive) discover
[0.991s] INFO:colcon.colcon_core.package_discovery:Crawling recursively for packages in '/home/thuvaraga/carla/carla_project/prj_ws'
[0.991s] Level 1:colcon.colcon_core.package_identification:_identify(.) by extensions ['ignore', 'ignore_ament_install']
[0.992s] Level 1:colcon.colcon_core.package_identification:_identify(.) by extension 'ignore'
[0.992s] Level 1:colcon.colcon_core.package_identification:_identify(.) by extension 'ignore_ament_install'
[0.992s] Level 1:colcon.colcon_core.package_identification:_identify(.) by extensions ['colcon_pkg']
[0.993s] Level 1:colcon.colcon_core.package_identification:_identify(.) by extension 'colcon_pkg'
[0.993s] Level 1:colcon.colcon_core.package_identification:_identify(.) by extensions ['colcon_meta']
[0.993s] Level 1:colcon.colcon_core.package_identification:_identify(.) by extension 'colcon_meta'
[0.993s] Level 1:colcon.colcon_core.package_identification:_identify(.) by extensions ['ros']
[0.993s] Level 1:colcon.colcon_core.package_identification:_identify(.) by extension 'ros'
[1.062s] Level 1:colcon.colcon_core.package_identification:_identify(.) by extensions ['cmake', 'python']
[1.062s] Level 1:colcon.colcon_core.package_identification:_identify(.) by extension 'cmake'
[1.063s] Level 1:colcon.colcon_core.package_identification:_identify(.) by extension 'python'
[1.063s] Level 1:colcon.colcon_core.package_identification:_identify(.) by extensions ['python_setup_py']
[1.063s] Level 1:colcon.colcon_core.package_identification:_identify(.) by extension 'python_setup_py'
[1.064s] Level 1:colcon.colcon_core.package_identification:_identify(build) by extensions ['ignore', 'ignore_ament_install']
[1.064s] Level 1:colcon.colcon_core.package_identification:_identify(build) by extension 'ignore'
[1.065s] Level 1:colcon.colcon_core.package_identification:_identify(build) ignored
[1.065s] Level 1:colcon.colcon_core.package_identification:_identify(install) by extensions ['ignore', 'ignore_ament_install']
[1.066s] Level 1:colcon.colcon_core.package_identification:_identify(install) by extension 'ignore'
[1.066s] Level 1:colcon.colcon_core.package_identification:_identify(install) ignored
[1.067s] Level 1:colcon.colcon_core.package_identification:_identify(log) by extensions ['ignore', 'ignore_ament_install']
[1.067s] Level 1:colcon.colcon_core.package_identification:_identify(log) by extension 'ignore'
[1.068s] Level 1:colcon.colcon_core.package_identification:_identify(log) ignored
[1.068s] Level 1:colcon.colcon_core.package_identification:_identify(src) by extensions ['ignore', 'ignore_ament_install']
[1.069s] Level 1:colcon.colcon_core.package_identification:_identify(src) by extension 'ignore'
[1.069s] Level 1:colcon.colcon_core.package_identification:_identify(src) by extension 'ignore_ament_install'
[1.069s] Level 1:colcon.colcon_core.package_identification:_identify(src) by extensions ['colcon_pkg']
[1.069s] Level 1:colcon.colcon_core.package_identification:_identify(src) by extension 'colcon_pkg'
[1.070s] Level 1:colcon.colcon_core.package_identification:_identify(src) by extensions ['colcon_meta']
[1.070s] Level 1:colcon.colcon_core.package_identification:_identify(src) by extension 'colcon_meta'
[1.070s] Level 1:colcon.colcon_core.package_identification:_identify(src) by extensions ['ros']
[1.070s] Level 1:colcon.colcon_core.package_identification:_identify(src) by extension 'ros'
[1.071s] Level 1:colcon.colcon_core.package_identification:_identify(src) by extensions ['cmake', 'python']
[1.071s] Level 1:colcon.colcon_core.package_identification:_identify(src) by extension 'cmake'
[1.071s] Level 1:colcon.colcon_core.package_identification:_identify(src) by extension 'python'
[1.071s] Level 1:colcon.colcon_core.package_identification:_identify(src) by extensions ['python_setup_py']
[1.071s] Level 1:colcon.colcon_core.package_identification:_identify(src) by extension 'python_setup_py'
[1.072s] Level 1:colcon.colcon_core.package_identification:_identify(src/carla_vehicle) by extensions ['ignore', 'ignore_ament_install']
[1.072s] Level 1:colcon.colcon_core.package_identification:_identify(src/carla_vehicle) by extension 'ignore'
[1.072s] Level 1:colcon.colcon_core.package_identification:_identify(src/carla_vehicle) by extension 'ignore_ament_install'
[1.073s] Level 1:colcon.colcon_core.package_identification:_identify(src/carla_vehicle) by extensions ['colcon_pkg']
[1.073s] Level 1:colcon.colcon_core.package_identification:_identify(src/carla_vehicle) by extension 'colcon_pkg'
[1.073s] Level 1:colcon.colcon_core.package_identification:_identify(src/carla_vehicle) by extensions ['colcon_meta']
[1.073s] Level 1:colcon.colcon_core.package_identification:_identify(src/carla_vehicle) by extension 'colcon_meta'
[1.074s] Level 1:colcon.colcon_core.package_identification:_identify(src/carla_vehicle) by extensions ['ros']
[1.074s] Level 1:colcon.colcon_core.package_identification:_identify(src/carla_vehicle) by extension 'ros'
[1.087s] DEBUG:colcon.colcon_core.package_identification:Package 'src/carla_vehicle' with type 'ros.ament_python' and name 'carla_vehicle'
[1.088s] Level 1:colcon.colcon_core.package_discovery:discover_packages(recursive) using defaults
[1.088s] Level 1:colcon.colcon_core.package_discovery:discover_packages(ignore) discover
[1.088s] Level 1:colcon.colcon_core.package_discovery:discover_packages(ignore) using defaults
[1.088s] Level 1:colcon.colcon_core.package_discovery:discover_packages(path) discover
[1.088s] Level 1:colcon.colcon_core.package_discovery:discover_packages(path) using defaults
[1.173s] Level 1:colcon.colcon_core.package_discovery:discover_packages(prefix_path) check parameters
[1.173s] Level 1:colcon.colcon_core.package_discovery:discover_packages(prefix_path) discover
[1.180s] DEBUG:colcon.colcon_installed_package_information.package_discovery:Found 19 installed packages in /home/thuvaraga/carla_ws/install
[1.182s] DEBUG:colcon.colcon_installed_package_information.package_discovery:Found 1 installed packages in /home/thuvaraga/carla/carla_project/prj_ws/install
[1.192s] DEBUG:colcon.colcon_installed_package_information.package_discovery:Found 621 installed packages in /opt/ros/humble
[1.208s] Level 1:colcon.colcon_core.package_discovery:discover_packages(prefix_path) using defaults
[1.388s] Level 5:colcon.colcon_core.verb:set package 'carla_vehicle' build argument 'cmake_args' from command line to 'None'
[1.388s] Level 5:colcon.colcon_core.verb:set package 'carla_vehicle' build argument 'cmake_target' from command line to 'None'
[1.388s] Level 5:colcon.colcon_core.verb:set package 'carla_vehicle' build argument 'cmake_target_skip_unavailable' from command line to 'False'
[1.388s] Level 5:colcon.colcon_core.verb:set package 'carla_vehicle' build argument 'cmake_clean_cache' from command line to 'False'
[1.388s] Level 5:colcon.colcon_core.verb:set package 'carla_vehicle' build argument 'cmake_clean_first' from command line to 'False'
[1.388s] Level 5:colcon.colcon_core.verb:set package 'carla_vehicle' build argument 'cmake_force_configure' from command line to 'False'
[1.388s] Level 5:colcon.colcon_core.verb:set package 'carla_vehicle' build argument 'ament_cmake_args' from command line to 'None'
[1.388s] Level 5:colcon.colcon_core.verb:set package 'carla_vehicle' build argument 'catkin_cmake_args' from command line to 'None'
[1.388s] Level 5:colcon.colcon_core.verb:set package 'carla_vehicle' build argument 'catkin_skip_building_tests' from command line to 'False'
[1.388s] DEBUG:colcon.colcon_core.verb:Building package 'carla_vehicle' with the following arguments: {'ament_cmake_args': None, 'build_base': '/home/thuvaraga/carla/carla_project/prj_ws/build/carla_vehicle', 'catkin_cmake_args': None, 'catkin_skip_building_tests': False, 'cmake_args': None, 'cmake_clean_cache': False, 'cmake_clean_first': False, 'cmake_force_configure': False, 'cmake_target': None, 'cmake_target_skip_unavailable': False, 'install_base': '/home/thuvaraga/carla/carla_project/prj_ws/install/carla_vehicle', 'merge_install': False, 'path': '/home/thuvaraga/carla/carla_project/prj_ws/src/carla_vehicle', 'symlink_install': False, 'test_result_base': None}
[1.389s] INFO:colcon.colcon_core.executor:Executing jobs using 'parallel' executor
[1.390s] DEBUG:colcon.colcon_parallel_executor.executor.parallel:run_until_complete
[1.391s] INFO:colcon.colcon_ros.task.ament_python.build:Building ROS package in '/home/thuvaraga/carla/carla_project/prj_ws/src/carla_vehicle' with build type 'ament_python'
[1.391s] Level 1:colcon.colcon_core.shell:create_environment_hook('carla_vehicle', 'ament_prefix_path')
[1.396s] INFO:colcon.colcon_core.plugin_system:Skipping extension 'colcon_core.shell.bat': Not used on non-Windows systems
[1.397s] INFO:colcon.colcon_core.shell:Creating environment hook '/home/thuvaraga/carla/carla_project/prj_ws/install/carla_vehicle/share/carla_vehicle/hook/ament_prefix_path.ps1'
[1.399s] INFO:colcon.colcon_core.shell:Creating environment descriptor '/home/thuvaraga/carla/carla_project/prj_ws/install/carla_vehicle/share/carla_vehicle/hook/ament_prefix_path.dsv'
[1.400s] INFO:colcon.colcon_core.shell:Creating environment hook '/home/thuvaraga/carla/carla_project/prj_ws/install/carla_vehicle/share/carla_vehicle/hook/ament_prefix_path.sh'
[1.402s] INFO:colcon.colcon_core.shell:Skip shell extension 'powershell' for command environment: Not usable outside of PowerShell
[1.402s] DEBUG:colcon.colcon_core.shell:Skip shell extension 'dsv' for command environment
[2.084s] INFO:colcon.colcon_core.task.python.build:Building Python package in '/home/thuvaraga/carla/carla_project/prj_ws/src/carla_vehicle'
[2.085s] INFO:colcon.colcon_core.shell:Skip shell extension 'powershell' for command environment: Not usable outside of PowerShell
[2.085s] DEBUG:colcon.colcon_core.shell:Skip shell extension 'dsv' for command environment
[3.248s] DEBUG:colcon.colcon_core.event_handler.log_command:Invoking command in '/home/thuvaraga/carla/carla_project/prj_ws/src/carla_vehicle': PYTHONPATH=/home/thuvaraga/carla/carla_project/prj_ws/build/carla_vehicle/prefix_override:/usr/lib/python3/dist-packages/colcon_core/task/python/colcon_distutils_commands:/home/thuvaraga/carla/carla_project/prj_ws/install/carla_vehicle/lib/python3.10/site-packages:${PYTHONPATH} /usr/bin/python3 -W ignore:setup.py install is deprecated -W ignore:easy_install command is deprecated setup.py egg_info --egg-base ../../build/carla_vehicle build --build-base /home/thuvaraga/carla/carla_project/prj_ws/build/carla_vehicle/build install --record /home/thuvaraga/carla/carla_project/prj_ws/build/carla_vehicle/install.log --single-version-externally-managed install_data
[4.061s] DEBUG:colcon.colcon_core.event_handler.log_command:Invoked command in '/home/thuvaraga/carla/carla_project/prj_ws/src/carla_vehicle' returned '0': PYTHONPATH=/home/thuvaraga/carla/carla_project/prj_ws/build/carla_vehicle/prefix_override:/usr/lib/python3/dist-packages/colcon_core/task/python/colcon_distutils_commands:/home/thuvaraga/carla/carla_project/prj_ws/install/carla_vehicle/lib/python3.10/site-packages:${PYTHONPATH} /usr/bin/python3 -W ignore:setup.py install is deprecated -W ignore:easy_install command is deprecated setup.py egg_info --egg-base ../../build/carla_vehicle build --build-base /home/thuvaraga/carla/carla_project/prj_ws/build/carla_vehicle/build install --record /home/thuvaraga/carla/carla_project/prj_ws/build/carla_vehicle/install.log --single-version-externally-managed install_data
[4.067s] Level 1:colcon.colcon_core.environment:checking '/home/thuvaraga/carla/carla_project/prj_ws/install/carla_vehicle' for CMake module files
[4.068s] Level 1:colcon.colcon_core.environment:checking '/home/thuvaraga/carla/carla_project/prj_ws/install/carla_vehicle' for CMake config files
[4.070s] Level 1:colcon.colcon_core.environment:checking '/home/thuvaraga/carla/carla_project/prj_ws/install/carla_vehicle/lib'
[4.070s] Level 1:colcon.colcon_core.environment:checking '/home/thuvaraga/carla/carla_project/prj_ws/install/carla_vehicle/bin'
[4.071s] Level 1:colcon.colcon_core.environment:checking '/home/thuvaraga/carla/carla_project/prj_ws/install/carla_vehicle/lib/pkgconfig/carla_vehicle.pc'
[4.071s] Level 1:colcon.colcon_core.environment:checking '/home/thuvaraga/carla/carla_project/prj_ws/install/carla_vehicle/lib/python3.10/site-packages'
[4.072s] Level 1:colcon.colcon_core.shell:create_environment_hook('carla_vehicle', 'pythonpath')
[4.072s] INFO:colcon.colcon_core.shell:Creating environment hook '/home/thuvaraga/carla/carla_project/prj_ws/install/carla_vehicle/share/carla_vehicle/hook/pythonpath.ps1'
[4.073s] INFO:colcon.colcon_core.shell:Creating environment descriptor '/home/thuvaraga/carla/carla_project/prj_ws/install/carla_vehicle/share/carla_vehicle/hook/pythonpath.dsv'
[4.074s] INFO:colcon.colcon_core.shell:Creating environment hook '/home/thuvaraga/carla/carla_project/prj_ws/install/carla_vehicle/share/carla_vehicle/hook/pythonpath.sh'
[4.076s] Level 1:colcon.colcon_core.environment:checking '/home/thuvaraga/carla/carla_project/prj_ws/install/carla_vehicle/bin'
[4.076s] Level 1:colcon.colcon_core.environment:create_environment_scripts_only(carla_vehicle)
[4.077s] INFO:colcon.colcon_core.shell:Creating package script '/home/thuvaraga/carla/carla_project/prj_ws/install/carla_vehicle/share/carla_vehicle/package.ps1'
[4.079s] INFO:colcon.colcon_core.shell:Creating package descriptor '/home/thuvaraga/carla/carla_project/prj_ws/install/carla_vehicle/share/carla_vehicle/package.dsv'
[4.081s] INFO:colcon.colcon_core.shell:Creating package script '/home/thuvaraga/carla/carla_project/prj_ws/install/carla_vehicle/share/carla_vehicle/package.sh'
[4.083s] INFO:colcon.colcon_core.shell:Creating package script '/home/thuvaraga/carla/carla_project/prj_ws/install/carla_vehicle/share/carla_vehicle/package.bash'
[4.086s] INFO:colcon.colcon_core.shell:Creating package script '/home/thuvaraga/carla/carla_project/prj_ws/install/carla_vehicle/share/carla_vehicle/package.zsh'
[4.087s] Level 1:colcon.colcon_core.environment:create_file_with_runtime_dependencies(/home/thuvaraga/carla/carla_project/prj_ws/install/carla_vehicle/share/colcon-core/packages/carla_vehicle)
[4.088s] DEBUG:colcon.colcon_parallel_executor.executor.parallel:closing loop
[4.089s] DEBUG:colcon.colcon_parallel_executor.executor.parallel:loop closed
[4.089s] DEBUG:colcon.colcon_parallel_executor.executor.parallel:run_until_complete finished with '0'
[4.089s] DEBUG:colcon.colcon_core.event_reactor:joining thread
[4.110s] INFO:colcon.colcon_core.plugin_system:Skipping extension 'colcon_notification.desktop_notification.terminal_notifier': Not used on non-Darwin systems
[4.110s] INFO:colcon.colcon_core.plugin_system:Skipping extension 'colcon_notification.desktop_notification.win32': Not used on non-Windows systems
[4.110s] INFO:colcon.colcon_notification.desktop_notification:Sending desktop notification using 'notify2'
[4.141s] DEBUG:colcon.colcon_core.event_reactor:joined thread
[4.141s] INFO:colcon.colcon_core.shell:Creating prefix script '/home/thuvaraga/carla/carla_project/prj_ws/install/local_setup.ps1'
[4.144s] INFO:colcon.colcon_core.shell:Creating prefix util module '/home/thuvaraga/carla/carla_project/prj_ws/install/_local_setup_util_ps1.py'
[4.149s] INFO:colcon.colcon_core.shell:Creating prefix chain script '/home/thuvaraga/carla/carla_project/prj_ws/install/setup.ps1'
[4.153s] INFO:colcon.colcon_core.shell:Creating prefix script '/home/thuvaraga/carla/carla_project/prj_ws/install/local_setup.sh'
[4.155s] INFO:colcon.colcon_core.shell:Creating prefix util module '/home/thuvaraga/carla/carla_project/prj_ws/install/_local_setup_util_sh.py'
[4.156s] INFO:colcon.colcon_core.shell:Creating prefix chain script '/home/thuvaraga/carla/carla_project/prj_ws/install/setup.sh'
[4.161s] INFO:colcon.colcon_core.shell:Creating prefix script '/home/thuvaraga/carla/carla_project/prj_ws/install/local_setup.bash'
[4.162s] INFO:colcon.colcon_core.shell:Creating prefix chain script '/home/thuvaraga/carla/carla_project/prj_ws/install/setup.bash'
[4.166s] INFO:colcon.colcon_core.shell:Creating prefix script '/home/thuvaraga/carla/carla_project/prj_ws/install/local_setup.zsh'
[4.167s] INFO:colcon.colcon_core.shell:Creating prefix chain script '/home/thuvaraga/carla/carla_project/prj_ws/install/setup.zsh'
