[2.456s] Invoking command in '/home/thuvaraga/carla/carla_project/prj_ws/src/carla_vehicle': PYTHONPATH=/home/thuvaraga/carla/carla_project/prj_ws/build/carla_vehicle/prefix_override:/usr/lib/python3/dist-packages/colcon_core/task/python/colcon_distutils_commands:/home/thuvaraga/carla/carla_project/prj_ws/install/carla_vehicle/lib/python3.10/site-packages:${PYTHONPATH} /usr/bin/python3 -W ignore:setup.py install is deprecated -W ignore:easy_install command is deprecated setup.py egg_info --egg-base ../../build/carla_vehicle build --build-base /home/thuvaraga/carla/carla_project/prj_ws/build/carla_vehicle/build install --record /home/thuvaraga/carla/carla_project/prj_ws/build/carla_vehicle/install.log --single-version-externally-managed install_data
[3.163s] running egg_info
[3.164s] writing ../../build/carla_vehicle/carla_vehicle.egg-info/PKG-INFO
[3.164s] writing dependency_links to ../../build/carla_vehicle/carla_vehicle.egg-info/dependency_links.txt
[3.165s] writing entry points to ../../build/carla_vehicle/carla_vehicle.egg-info/entry_points.txt
[3.165s] writing requirements to ../../build/carla_vehicle/carla_vehicle.egg-info/requires.txt
[3.165s] writing top-level names to ../../build/carla_vehicle/carla_vehicle.egg-info/top_level.txt
[3.169s] reading manifest file '../../build/carla_vehicle/carla_vehicle.egg-info/SOURCES.txt'
[3.169s] adding license file 'LICENSE'
[3.170s] writing manifest file '../../build/carla_vehicle/carla_vehicle.egg-info/SOURCES.txt'
[3.170s] running build
[3.170s] running build_py
[3.171s] copying carla_vehicle/vehicle.py -> /home/thuvaraga/carla/carla_project/prj_ws/build/carla_vehicle/build/lib/carla_vehicle
[3.171s] running install
[3.171s] running install_lib
[3.173s] copying /home/thuvaraga/carla/carla_project/prj_ws/build/carla_vehicle/build/lib/carla_vehicle/vehicle.py -> /home/thuvaraga/carla/carla_project/prj_ws/install/carla_vehicle/lib/python3.10/site-packages/carla_vehicle
[3.174s] byte-compiling /home/thuvaraga/carla/carla_project/prj_ws/install/carla_vehicle/lib/python3.10/site-packages/carla_vehicle/vehicle.py to vehicle.cpython-310.pyc
[3.181s] running install_data
[3.181s] running install_egg_info
[3.185s] removing '/home/thuvaraga/carla/carla_project/prj_ws/install/carla_vehicle/lib/python3.10/site-packages/carla_vehicle-0.0.0-py3.10.egg-info' (and everything under it)
[3.186s] Copying ../../build/carla_vehicle/carla_vehicle.egg-info to /home/thuvaraga/carla/carla_project/prj_ws/install/carla_vehicle/lib/python3.10/site-packages/carla_vehicle-0.0.0-py3.10.egg-info
[3.187s] running install_scripts
[3.229s] Installing vehicle script to /home/thuvaraga/carla/carla_project/prj_ws/install/carla_vehicle/lib/carla_vehicle
[3.230s] writing list of installed files to '/home/thuvaraga/carla/carla_project/prj_ws/build/carla_vehicle/install.log'
[3.272s] Invoked command in '/home/thuvaraga/carla/carla_project/prj_ws/src/carla_vehicle' returned '0': PYTHONPATH=/home/thuvaraga/carla/carla_project/prj_ws/build/carla_vehicle/prefix_override:/usr/lib/python3/dist-packages/colcon_core/task/python/colcon_distutils_commands:/home/thuvaraga/carla/carla_project/prj_ws/install/carla_vehicle/lib/python3.10/site-packages:${PYTHONPATH} /usr/bin/python3 -W ignore:setup.py install is deprecated -W ignore:easy_install command is deprecated setup.py egg_info --egg-base ../../build/carla_vehicle build --build-base /home/thuvaraga/carla/carla_project/prj_ws/build/carla_vehicle/build install --record /home/thuvaraga/carla/carla_project/prj_ws/build/carla_vehicle/install.log --single-version-externally-managed install_data
