[1.446s] Invoking command in '/home/thuvaraga/carla/carla_project/prj_ws/src/carla_vehicle': PYTHONPATH=/home/thuvaraga/carla/carla_project/prj_ws/build/carla_vehicle/prefix_override:/usr/lib/python3/dist-packages/colcon_core/task/python/colcon_distutils_commands:/home/thuvaraga/carla/carla_project/prj_ws/install/carla_vehicle/lib/python3.10/site-packages:${PYTHONPATH} /usr/bin/python3 -W ignore:setup.py install is deprecated -W ignore:easy_install command is deprecated setup.py egg_info --egg-base ../../build/carla_vehicle build --build-base /home/thuvaraga/carla/carla_project/prj_ws/build/carla_vehicle/build install --record /home/thuvaraga/carla/carla_project/prj_ws/build/carla_vehicle/install.log --single-version-externally-managed install_data
[2.252s] running egg_info
[2.254s] writing ../../build/carla_vehicle/carla_vehicle.egg-info/PKG-INFO
[2.254s] writing dependency_links to ../../build/carla_vehicle/carla_vehicle.egg-info/dependency_links.txt
[2.255s] writing entry points to ../../build/carla_vehicle/carla_vehicle.egg-info/entry_points.txt
[2.255s] writing requirements to ../../build/carla_vehicle/carla_vehicle.egg-info/requires.txt
[2.255s] writing top-level names to ../../build/carla_vehicle/carla_vehicle.egg-info/top_level.txt
[2.260s] reading manifest file '../../build/carla_vehicle/carla_vehicle.egg-info/SOURCES.txt'
[2.260s] adding license file 'LICENSE'
[2.262s] writing manifest file '../../build/carla_vehicle/carla_vehicle.egg-info/SOURCES.txt'
[2.262s] running build
[2.263s] running build_py
[2.263s] copying carla_vehicle/vehicle.py -> /home/thuvaraga/carla/carla_project/prj_ws/build/carla_vehicle/build/lib/carla_vehicle
[2.264s] running install
[2.265s] running install_lib
[2.266s] copying /home/thuvaraga/carla/carla_project/prj_ws/build/carla_vehicle/build/lib/carla_vehicle/vehicle.py -> /home/thuvaraga/carla/carla_project/prj_ws/install/carla_vehicle/lib/python3.10/site-packages/carla_vehicle
[2.268s] byte-compiling /home/thuvaraga/carla/carla_project/prj_ws/install/carla_vehicle/lib/python3.10/site-packages/carla_vehicle/vehicle.py to vehicle.cpython-310.pyc
[2.277s] running install_data
[2.277s] running install_egg_info
[2.281s] removing '/home/thuvaraga/carla/carla_project/prj_ws/install/carla_vehicle/lib/python3.10/site-packages/carla_vehicle-0.0.0-py3.10.egg-info' (and everything under it)
[2.281s] Copying ../../build/carla_vehicle/carla_vehicle.egg-info to /home/thuvaraga/carla/carla_project/prj_ws/install/carla_vehicle/lib/python3.10/site-packages/carla_vehicle-0.0.0-py3.10.egg-info
[2.283s] running install_scripts
[2.324s] Installing vehicle script to /home/thuvaraga/carla/carla_project/prj_ws/install/carla_vehicle/lib/carla_vehicle
[2.324s] writing list of installed files to '/home/thuvaraga/carla/carla_project/prj_ws/build/carla_vehicle/install.log'
[2.364s] Invoked command in '/home/thuvaraga/carla/carla_project/prj_ws/src/carla_vehicle' returned '0': PYTHONPATH=/home/thuvaraga/carla/carla_project/prj_ws/build/carla_vehicle/prefix_override:/usr/lib/python3/dist-packages/colcon_core/task/python/colcon_distutils_commands:/home/thuvaraga/carla/carla_project/prj_ws/install/carla_vehicle/lib/python3.10/site-packages:${PYTHONPATH} /usr/bin/python3 -W ignore:setup.py install is deprecated -W ignore:easy_install command is deprecated setup.py egg_info --egg-base ../../build/carla_vehicle build --build-base /home/thuvaraga/carla/carla_project/prj_ws/build/carla_vehicle/build install --record /home/thuvaraga/carla/carla_project/prj_ws/build/carla_vehicle/install.log --single-version-externally-managed install_data
