[0.198s] DEBUG:colcon:Command line arguments: ['/usr/bin/colcon', 'build']
[0.198s] DEBUG:colcon:Parsed command line arguments: Namespace(log_base=None, log_level=None, verb_name='build', build_base='build', install_base='install', merge_install=False, symlink_install=False, test_result_base=None, continue_on_error=False, executor='parallel', parallel_workers=16, event_handlers=None, ignore_user_meta=False, metas=['./colcon.meta'], base_paths=['.'], packages_ignore=None, packages_ignore_regex=None, paths=None, packages_up_to=None, packages_up_to_regex=None, packages_above=None, packages_above_and_dependencies=None, packages_above_depth=None, packages_select_by_dep=None, packages_skip_by_dep=None, packages_skip_up_to=None, packages_select_build_failed=False, packages_skip_build_finished=False, packages_select_test_failures=False, packages_skip_test_passed=False, packages_select=None, packages_skip=None, packages_select_regex=None, packages_skip_regex=None, packages_start=None, packages_end=None, allow_overriding=[], cmake_args=None, cmake_target=None, cmake_target_skip_unavailable=False, cmake_clean_cache=False, cmake_clean_first=False, cmake_force_configure=False, ament_cmake_args=None, catkin_cmake_args=None, catkin_skip_building_tests=False, mixin_files=None, mixin=None, verb_parser=<colcon_mixin.mixin.mixin_argument.MixinArgumentDecorator object at 0x7b5c3a283fa0>, verb_extension=<colcon_core.verb.build.BuildVerb object at 0x7b5c3a3c9ff0>, main=<bound method BuildVerb.main of <colcon_core.verb.build.BuildVerb object at 0x7b5c3a3c9ff0>>, mixin_verb=('build',))
[0.596s] Level 1:colcon.colcon_core.package_discovery:discover_packages(colcon_meta) check parameters
[0.596s] Level 1:colcon.colcon_core.package_discovery:discover_packages(recursive) check parameters
[0.596s] Level 1:colcon.colcon_core.package_discovery:discover_packages(ignore) check parameters
[0.596s] Level 1:colcon.colcon_core.package_discovery:discover_packages(path) check parameters
[0.596s] Level 1:colcon.colcon_core.package_discovery:discover_packages(colcon_meta) discover
[0.597s] Level 1:colcon.colcon_core.package_discovery:discover_packages(recursive) discover
[0.597s] INFO:colcon.colcon_core.package_discovery:Crawling recursively for packages in '/home/thuvaraga/carla/carla_project/prj_ws'
[0.597s] Level 1:colcon.colcon_core.package_identification:_identify(.) by extensions ['ignore', 'ignore_ament_install']
[0.597s] Level 1:colcon.colcon_core.package_identification:_identify(.) by extension 'ignore'
[0.597s] Level 1:colcon.colcon_core.package_identification:_identify(.) by extension 'ignore_ament_install'
[0.597s] Level 1:colcon.colcon_core.package_identification:_identify(.) by extensions ['colcon_pkg']
[0.597s] Level 1:colcon.colcon_core.package_identification:_identify(.) by extension 'colcon_pkg'
[0.597s] Level 1:colcon.colcon_core.package_identification:_identify(.) by extensions ['colcon_meta']
[0.597s] Level 1:colcon.colcon_core.package_identification:_identify(.) by extension 'colcon_meta'
[0.597s] Level 1:colcon.colcon_core.package_identification:_identify(.) by extensions ['ros']
[0.597s] Level 1:colcon.colcon_core.package_identification:_identify(.) by extension 'ros'
[0.616s] Level 1:colcon.colcon_core.package_identification:_identify(.) by extensions ['cmake', 'python']
[0.617s] Level 1:colcon.colcon_core.package_identification:_identify(.) by extension 'cmake'
[0.617s] Level 1:colcon.colcon_core.package_identification:_identify(.) by extension 'python'
[0.617s] Level 1:colcon.colcon_core.package_identification:_identify(.) by extensions ['python_setup_py']
[0.617s] Level 1:colcon.colcon_core.package_identification:_identify(.) by extension 'python_setup_py'
[0.617s] Level 1:colcon.colcon_core.package_identification:_identify(build) by extensions ['ignore', 'ignore_ament_install']
[0.617s] Level 1:colcon.colcon_core.package_identification:_identify(build) by extension 'ignore'
[0.617s] Level 1:colcon.colcon_core.package_identification:_identify(build) ignored
[0.617s] Level 1:colcon.colcon_core.package_identification:_identify(install) by extensions ['ignore', 'ignore_ament_install']
[0.617s] Level 1:colcon.colcon_core.package_identification:_identify(install) by extension 'ignore'
[0.618s] Level 1:colcon.colcon_core.package_identification:_identify(install) ignored
[0.618s] Level 1:colcon.colcon_core.package_identification:_identify(log) by extensions ['ignore', 'ignore_ament_install']
[0.618s] Level 1:colcon.colcon_core.package_identification:_identify(log) by extension 'ignore'
[0.618s] Level 1:colcon.colcon_core.package_identification:_identify(log) ignored
[0.618s] Level 1:colcon.colcon_core.package_identification:_identify(src) by extensions ['ignore', 'ignore_ament_install']
[0.618s] Level 1:colcon.colcon_core.package_identification:_identify(src) by extension 'ignore'
[0.618s] Level 1:colcon.colcon_core.package_identification:_identify(src) by extension 'ignore_ament_install'
[0.619s] Level 1:colcon.colcon_core.package_identification:_identify(src) by extensions ['colcon_pkg']
[0.619s] Level 1:colcon.colcon_core.package_identification:_identify(src) by extension 'colcon_pkg'
[0.619s] Level 1:colcon.colcon_core.package_identification:_identify(src) by extensions ['colcon_meta']
[0.619s] Level 1:colcon.colcon_core.package_identification:_identify(src) by extension 'colcon_meta'
[0.619s] Level 1:colcon.colcon_core.package_identification:_identify(src) by extensions ['ros']
[0.619s] Level 1:colcon.colcon_core.package_identification:_identify(src) by extension 'ros'
[0.619s] Level 1:colcon.colcon_core.package_identification:_identify(src) by extensions ['cmake', 'python']
[0.619s] Level 1:colcon.colcon_core.package_identification:_identify(src) by extension 'cmake'
[0.619s] Level 1:colcon.colcon_core.package_identification:_identify(src) by extension 'python'
[0.619s] Level 1:colcon.colcon_core.package_identification:_identify(src) by extensions ['python_setup_py']
[0.619s] Level 1:colcon.colcon_core.package_identification:_identify(src) by extension 'python_setup_py'
[0.619s] Level 1:colcon.colcon_core.package_identification:_identify(src/carla_vehicle) by extensions ['ignore', 'ignore_ament_install']
[0.620s] Level 1:colcon.colcon_core.package_identification:_identify(src/carla_vehicle) by extension 'ignore'
[0.620s] Level 1:colcon.colcon_core.package_identification:_identify(src/carla_vehicle) by extension 'ignore_ament_install'
[0.620s] Level 1:colcon.colcon_core.package_identification:_identify(src/carla_vehicle) by extensions ['colcon_pkg']
[0.620s] Level 1:colcon.colcon_core.package_identification:_identify(src/carla_vehicle) by extension 'colcon_pkg'
[0.620s] Level 1:colcon.colcon_core.package_identification:_identify(src/carla_vehicle) by extensions ['colcon_meta']
[0.620s] Level 1:colcon.colcon_core.package_identification:_identify(src/carla_vehicle) by extension 'colcon_meta'
[0.620s] Level 1:colcon.colcon_core.package_identification:_identify(src/carla_vehicle) by extensions ['ros']
[0.620s] Level 1:colcon.colcon_core.package_identification:_identify(src/carla_vehicle) by extension 'ros'
[0.624s] DEBUG:colcon.colcon_core.package_identification:Package 'src/carla_vehicle' with type 'ros.ament_python' and name 'carla_vehicle'
[0.624s] Level 1:colcon.colcon_core.package_discovery:discover_packages(recursive) using defaults
[0.624s] Level 1:colcon.colcon_core.package_discovery:discover_packages(ignore) discover
[0.624s] Level 1:colcon.colcon_core.package_discovery:discover_packages(ignore) using defaults
[0.624s] Level 1:colcon.colcon_core.package_discovery:discover_packages(path) discover
[0.624s] Level 1:colcon.colcon_core.package_discovery:discover_packages(path) using defaults
[0.658s] Level 1:colcon.colcon_core.package_discovery:discover_packages(prefix_path) check parameters
[0.658s] Level 1:colcon.colcon_core.package_discovery:discover_packages(prefix_path) discover
[0.662s] DEBUG:colcon.colcon_installed_package_information.package_discovery:Found 19 installed packages in /home/thuvaraga/carla_ws/install
[0.663s] DEBUG:colcon.colcon_installed_package_information.package_discovery:Found 1 installed packages in /home/thuvaraga/carla/carla_project/prj_ws/install
[0.666s] DEBUG:colcon.colcon_installed_package_information.package_discovery:Found 621 installed packages in /opt/ros/humble
[0.672s] Level 1:colcon.colcon_core.package_discovery:discover_packages(prefix_path) using defaults
[0.798s] Level 5:colcon.colcon_core.verb:set package 'carla_vehicle' build argument 'cmake_args' from command line to 'None'
[0.798s] Level 5:colcon.colcon_core.verb:set package 'carla_vehicle' build argument 'cmake_target' from command line to 'None'
[0.798s] Level 5:colcon.colcon_core.verb:set package 'carla_vehicle' build argument 'cmake_target_skip_unavailable' from command line to 'False'
[0.798s] Level 5:colcon.colcon_core.verb:set package 'carla_vehicle' build argument 'cmake_clean_cache' from command line to 'False'
[0.798s] Level 5:colcon.colcon_core.verb:set package 'carla_vehicle' build argument 'cmake_clean_first' from command line to 'False'
[0.798s] Level 5:colcon.colcon_core.verb:set package 'carla_vehicle' build argument 'cmake_force_configure' from command line to 'False'
[0.798s] Level 5:colcon.colcon_core.verb:set package 'carla_vehicle' build argument 'ament_cmake_args' from command line to 'None'
[0.798s] Level 5:colcon.colcon_core.verb:set package 'carla_vehicle' build argument 'catkin_cmake_args' from command line to 'None'
[0.798s] Level 5:colcon.colcon_core.verb:set package 'carla_vehicle' build argument 'catkin_skip_building_tests' from command line to 'False'
[0.799s] DEBUG:colcon.colcon_core.verb:Building package 'carla_vehicle' with the following arguments: {'ament_cmake_args': None, 'build_base': '/home/thuvaraga/carla/carla_project/prj_ws/build/carla_vehicle', 'catkin_cmake_args': None, 'catkin_skip_building_tests': False, 'cmake_args': None, 'cmake_clean_cache': False, 'cmake_clean_first': False, 'cmake_force_configure': False, 'cmake_target': None, 'cmake_target_skip_unavailable': False, 'install_base': '/home/thuvaraga/carla/carla_project/prj_ws/install/carla_vehicle', 'merge_install': False, 'path': '/home/thuvaraga/carla/carla_project/prj_ws/src/carla_vehicle', 'symlink_install': False, 'test_result_base': None}
[0.799s] INFO:colcon.colcon_core.executor:Executing jobs using 'parallel' executor
[0.801s] DEBUG:colcon.colcon_parallel_executor.executor.parallel:run_until_complete
[0.802s] INFO:colcon.colcon_ros.task.ament_python.build:Building ROS package in '/home/thuvaraga/carla/carla_project/prj_ws/src/carla_vehicle' with build type 'ament_python'
[0.802s] Level 1:colcon.colcon_core.shell:create_environment_hook('carla_vehicle', 'ament_prefix_path')
[0.806s] INFO:colcon.colcon_core.plugin_system:Skipping extension 'colcon_core.shell.bat': Not used on non-Windows systems
[0.806s] INFO:colcon.colcon_core.shell:Creating environment hook '/home/thuvaraga/carla/carla_project/prj_ws/install/carla_vehicle/share/carla_vehicle/hook/ament_prefix_path.ps1'
[0.807s] INFO:colcon.colcon_core.shell:Creating environment descriptor '/home/thuvaraga/carla/carla_project/prj_ws/install/carla_vehicle/share/carla_vehicle/hook/ament_prefix_path.dsv'
[0.808s] INFO:colcon.colcon_core.shell:Creating environment hook '/home/thuvaraga/carla/carla_project/prj_ws/install/carla_vehicle/share/carla_vehicle/hook/ament_prefix_path.sh'
[0.810s] INFO:colcon.colcon_core.shell:Skip shell extension 'powershell' for command environment: Not usable outside of PowerShell
[0.810s] DEBUG:colcon.colcon_core.shell:Skip shell extension 'dsv' for command environment
[2.019s] INFO:colcon.colcon_core.task.python.build:Building Python package in '/home/thuvaraga/carla/carla_project/prj_ws/src/carla_vehicle'
[2.020s] INFO:colcon.colcon_core.shell:Skip shell extension 'powershell' for command environment: Not usable outside of PowerShell
[2.020s] DEBUG:colcon.colcon_core.shell:Skip shell extension 'dsv' for command environment
[3.022s] DEBUG:colcon.colcon_core.event_handler.log_command:Invoking command in '/home/thuvaraga/carla/carla_project/prj_ws/src/carla_vehicle': PYTHONPATH=/home/thuvaraga/carla/carla_project/prj_ws/build/carla_vehicle/prefix_override:/usr/lib/python3/dist-packages/colcon_core/task/python/colcon_distutils_commands:/home/thuvaraga/carla/carla_project/prj_ws/install/carla_vehicle/lib/python3.10/site-packages:${PYTHONPATH} /usr/bin/python3 -W ignore:setup.py install is deprecated -W ignore:easy_install command is deprecated setup.py egg_info --egg-base ../../build/carla_vehicle build --build-base /home/thuvaraga/carla/carla_project/prj_ws/build/carla_vehicle/build install --record /home/thuvaraga/carla/carla_project/prj_ws/build/carla_vehicle/install.log --single-version-externally-managed install_data
[3.969s] DEBUG:colcon.colcon_core.event_handler.log_command:Invoked command in '/home/thuvaraga/carla/carla_project/prj_ws/src/carla_vehicle' returned '0': PYTHONPATH=/home/thuvaraga/carla/carla_project/prj_ws/build/carla_vehicle/prefix_override:/usr/lib/python3/dist-packages/colcon_core/task/python/colcon_distutils_commands:/home/thuvaraga/carla/carla_project/prj_ws/install/carla_vehicle/lib/python3.10/site-packages:${PYTHONPATH} /usr/bin/python3 -W ignore:setup.py install is deprecated -W ignore:easy_install command is deprecated setup.py egg_info --egg-base ../../build/carla_vehicle build --build-base /home/thuvaraga/carla/carla_project/prj_ws/build/carla_vehicle/build install --record /home/thuvaraga/carla/carla_project/prj_ws/build/carla_vehicle/install.log --single-version-externally-managed install_data
[3.973s] Level 1:colcon.colcon_core.environment:checking '/home/thuvaraga/carla/carla_project/prj_ws/install/carla_vehicle' for CMake module files
[3.974s] Level 1:colcon.colcon_core.environment:checking '/home/thuvaraga/carla/carla_project/prj_ws/install/carla_vehicle' for CMake config files
[3.975s] Level 1:colcon.colcon_core.environment:checking '/home/thuvaraga/carla/carla_project/prj_ws/install/carla_vehicle/lib'
[3.975s] Level 1:colcon.colcon_core.environment:checking '/home/thuvaraga/carla/carla_project/prj_ws/install/carla_vehicle/bin'
[3.975s] Level 1:colcon.colcon_core.environment:checking '/home/thuvaraga/carla/carla_project/prj_ws/install/carla_vehicle/lib/pkgconfig/carla_vehicle.pc'
[3.976s] Level 1:colcon.colcon_core.environment:checking '/home/thuvaraga/carla/carla_project/prj_ws/install/carla_vehicle/lib/python3.10/site-packages'
[3.976s] Level 1:colcon.colcon_core.shell:create_environment_hook('carla_vehicle', 'pythonpath')
[3.976s] INFO:colcon.colcon_core.shell:Creating environment hook '/home/thuvaraga/carla/carla_project/prj_ws/install/carla_vehicle/share/carla_vehicle/hook/pythonpath.ps1'
[3.977s] INFO:colcon.colcon_core.shell:Creating environment descriptor '/home/thuvaraga/carla/carla_project/prj_ws/install/carla_vehicle/share/carla_vehicle/hook/pythonpath.dsv'
[3.978s] INFO:colcon.colcon_core.shell:Creating environment hook '/home/thuvaraga/carla/carla_project/prj_ws/install/carla_vehicle/share/carla_vehicle/hook/pythonpath.sh'
[3.978s] Level 1:colcon.colcon_core.environment:checking '/home/thuvaraga/carla/carla_project/prj_ws/install/carla_vehicle/bin'
[3.979s] Level 1:colcon.colcon_core.environment:create_environment_scripts_only(carla_vehicle)
[3.979s] INFO:colcon.colcon_core.shell:Creating package script '/home/thuvaraga/carla/carla_project/prj_ws/install/carla_vehicle/share/carla_vehicle/package.ps1'
[3.980s] INFO:colcon.colcon_core.shell:Creating package descriptor '/home/thuvaraga/carla/carla_project/prj_ws/install/carla_vehicle/share/carla_vehicle/package.dsv'
[3.981s] INFO:colcon.colcon_core.shell:Creating package script '/home/thuvaraga/carla/carla_project/prj_ws/install/carla_vehicle/share/carla_vehicle/package.sh'
[3.982s] INFO:colcon.colcon_core.shell:Creating package script '/home/thuvaraga/carla/carla_project/prj_ws/install/carla_vehicle/share/carla_vehicle/package.bash'
[3.983s] INFO:colcon.colcon_core.shell:Creating package script '/home/thuvaraga/carla/carla_project/prj_ws/install/carla_vehicle/share/carla_vehicle/package.zsh'
[3.984s] Level 1:colcon.colcon_core.environment:create_file_with_runtime_dependencies(/home/thuvaraga/carla/carla_project/prj_ws/install/carla_vehicle/share/colcon-core/packages/carla_vehicle)
[3.985s] DEBUG:colcon.colcon_parallel_executor.executor.parallel:closing loop
[3.985s] DEBUG:colcon.colcon_parallel_executor.executor.parallel:loop closed
[3.986s] DEBUG:colcon.colcon_parallel_executor.executor.parallel:run_until_complete finished with '0'
[3.986s] DEBUG:colcon.colcon_core.event_reactor:joining thread
[3.995s] INFO:colcon.colcon_core.plugin_system:Skipping extension 'colcon_notification.desktop_notification.terminal_notifier': Not used on non-Darwin systems
[3.995s] INFO:colcon.colcon_core.plugin_system:Skipping extension 'colcon_notification.desktop_notification.win32': Not used on non-Windows systems
[3.995s] INFO:colcon.colcon_notification.desktop_notification:Sending desktop notification using 'notify2'
[4.013s] DEBUG:colcon.colcon_core.event_reactor:joined thread
[4.014s] INFO:colcon.colcon_core.shell:Creating prefix script '/home/thuvaraga/carla/carla_project/prj_ws/install/local_setup.ps1'
[4.015s] INFO:colcon.colcon_core.shell:Creating prefix util module '/home/thuvaraga/carla/carla_project/prj_ws/install/_local_setup_util_ps1.py'
[4.018s] INFO:colcon.colcon_core.shell:Creating prefix chain script '/home/thuvaraga/carla/carla_project/prj_ws/install/setup.ps1'
[4.020s] INFO:colcon.colcon_core.shell:Creating prefix script '/home/thuvaraga/carla/carla_project/prj_ws/install/local_setup.sh'
[4.021s] INFO:colcon.colcon_core.shell:Creating prefix util module '/home/thuvaraga/carla/carla_project/prj_ws/install/_local_setup_util_sh.py'
[4.022s] INFO:colcon.colcon_core.shell:Creating prefix chain script '/home/thuvaraga/carla/carla_project/prj_ws/install/setup.sh'
[4.025s] INFO:colcon.colcon_core.shell:Creating prefix script '/home/thuvaraga/carla/carla_project/prj_ws/install/local_setup.bash'
[4.026s] INFO:colcon.colcon_core.shell:Creating prefix chain script '/home/thuvaraga/carla/carla_project/prj_ws/install/setup.bash'
[4.028s] INFO:colcon.colcon_core.shell:Creating prefix script '/home/thuvaraga/carla/carla_project/prj_ws/install/local_setup.zsh'
[4.029s] INFO:colcon.colcon_core.shell:Creating prefix chain script '/home/thuvaraga/carla/carla_project/prj_ws/install/setup.zsh'
