[0.603s] Invoking command in '/home/thuvaraga/carla/carla_project/prj_ws/src/carla_vehicle': PYTHONPATH=/home/thuvaraga/carla/carla_project/prj_ws/build/carla_vehicle/prefix_override:/usr/lib/python3/dist-packages/colcon_core/task/python/colcon_distutils_commands:/home/thuvaraga/carla/carla_project/prj_ws/install/carla_vehicle/lib/python3.10/site-packages:${PYTHONPATH} /usr/bin/python3 -W ignore:setup.py install is deprecated -W ignore:easy_install command is deprecated setup.py egg_info --egg-base ../../build/carla_vehicle build --build-base /home/thuvaraga/carla/carla_project/prj_ws/build/carla_vehicle/build install --record /home/thuvaraga/carla/carla_project/prj_ws/build/carla_vehicle/install.log --single-version-externally-managed install_data
[0.822s] running egg_info
[0.823s] creating ../../build/carla_vehicle/carla_vehicle.egg-info
[0.823s] writing ../../build/carla_vehicle/carla_vehicle.egg-info/PKG-INFO
[0.823s] writing dependency_links to ../../build/carla_vehicle/carla_vehicle.egg-info/dependency_links.txt
[0.823s] writing entry points to ../../build/carla_vehicle/carla_vehicle.egg-info/entry_points.txt
[0.823s] writing requirements to ../../build/carla_vehicle/carla_vehicle.egg-info/requires.txt
[0.823s] writing top-level names to ../../build/carla_vehicle/carla_vehicle.egg-info/top_level.txt
[0.823s] writing manifest file '../../build/carla_vehicle/carla_vehicle.egg-info/SOURCES.txt'
[0.825s] reading manifest file '../../build/carla_vehicle/carla_vehicle.egg-info/SOURCES.txt'
[0.825s] adding license file 'LICENSE'
[0.825s] writing manifest file '../../build/carla_vehicle/carla_vehicle.egg-info/SOURCES.txt'
[0.825s] running build
[0.825s] running build_py
[0.826s] creating /home/thuvaraga/carla/carla_project/prj_ws/build/carla_vehicle/build
[0.826s] creating /home/thuvaraga/carla/carla_project/prj_ws/build/carla_vehicle/build/lib
[0.826s] creating /home/thuvaraga/carla/carla_project/prj_ws/build/carla_vehicle/build/lib/carla_vehicle
[0.826s] copying carla_vehicle/vehicle.py -> /home/thuvaraga/carla/carla_project/prj_ws/build/carla_vehicle/build/lib/carla_vehicle
[0.826s] copying carla_vehicle/__init__.py -> /home/thuvaraga/carla/carla_project/prj_ws/build/carla_vehicle/build/lib/carla_vehicle
[0.826s] running install
[0.826s] running install_lib
[0.827s] creating /home/thuvaraga/carla/carla_project/prj_ws/install/carla_vehicle/lib/python3.10/site-packages/carla_vehicle
[0.827s] copying /home/thuvaraga/carla/carla_project/prj_ws/build/carla_vehicle/build/lib/carla_vehicle/vehicle.py -> /home/thuvaraga/carla/carla_project/prj_ws/install/carla_vehicle/lib/python3.10/site-packages/carla_vehicle
[0.827s] copying /home/thuvaraga/carla/carla_project/prj_ws/build/carla_vehicle/build/lib/carla_vehicle/__init__.py -> /home/thuvaraga/carla/carla_project/prj_ws/install/carla_vehicle/lib/python3.10/site-packages/carla_vehicle
[0.827s] byte-compiling /home/thuvaraga/carla/carla_project/prj_ws/install/carla_vehicle/lib/python3.10/site-packages/carla_vehicle/vehicle.py to vehicle.cpython-310.pyc
[0.827s] byte-compiling /home/thuvaraga/carla/carla_project/prj_ws/install/carla_vehicle/lib/python3.10/site-packages/carla_vehicle/__init__.py to __init__.cpython-310.pyc
[0.827s] running install_data
[0.827s] creating /home/thuvaraga/carla/carla_project/prj_ws/install/carla_vehicle/share/ament_index
[0.828s] creating /home/thuvaraga/carla/carla_project/prj_ws/install/carla_vehicle/share/ament_index/resource_index
[0.828s] creating /home/thuvaraga/carla/carla_project/prj_ws/install/carla_vehicle/share/ament_index/resource_index/packages
[0.828s] copying resource/carla_vehicle -> /home/thuvaraga/carla/carla_project/prj_ws/install/carla_vehicle/share/ament_index/resource_index/packages
[0.828s] copying package.xml -> /home/thuvaraga/carla/carla_project/prj_ws/install/carla_vehicle/share/carla_vehicle
[0.828s] running install_egg_info
[0.829s] Copying ../../build/carla_vehicle/carla_vehicle.egg-info to /home/thuvaraga/carla/carla_project/prj_ws/install/carla_vehicle/lib/python3.10/site-packages/carla_vehicle-0.0.0-py3.10.egg-info
[0.830s] running install_scripts
[0.847s] Installing vehicle script to /home/thuvaraga/carla/carla_project/prj_ws/install/carla_vehicle/lib/carla_vehicle
[0.847s] writing list of installed files to '/home/thuvaraga/carla/carla_project/prj_ws/build/carla_vehicle/install.log'
[0.865s] Invoked command in '/home/thuvaraga/carla/carla_project/prj_ws/src/carla_vehicle' returned '0': PYTHONPATH=/home/thuvaraga/carla/carla_project/prj_ws/build/carla_vehicle/prefix_override:/usr/lib/python3/dist-packages/colcon_core/task/python/colcon_distutils_commands:/home/thuvaraga/carla/carla_project/prj_ws/install/carla_vehicle/lib/python3.10/site-packages:${PYTHONPATH} /usr/bin/python3 -W ignore:setup.py install is deprecated -W ignore:easy_install command is deprecated setup.py egg_info --egg-base ../../build/carla_vehicle build --build-base /home/thuvaraga/carla/carla_project/prj_ws/build/carla_vehicle/build install --record /home/thuvaraga/carla/carla_project/prj_ws/build/carla_vehicle/install.log --single-version-externally-managed install_data
