running egg_info
writing ../../build/carla_vehicle/carla_vehicle.egg-info/PKG-INFO
writing dependency_links to ../../build/carla_vehicle/carla_vehicle.egg-info/dependency_links.txt
writing entry points to ../../build/carla_vehicle/carla_vehicle.egg-info/entry_points.txt
writing requirements to ../../build/carla_vehicle/carla_vehicle.egg-info/requires.txt
writing top-level names to ../../build/carla_vehicle/carla_vehicle.egg-info/top_level.txt
reading manifest file '../../build/carla_vehicle/carla_vehicle.egg-info/SOURCES.txt'
adding license file 'LICENSE'
writing manifest file '../../build/carla_vehicle/carla_vehicle.egg-info/SOURCES.txt'
running build
running build_py
copying carla_vehicle/vehicle.py -> /home/thuvaraga/carla/carla_project/prj_ws/build/carla_vehicle/build/lib/carla_vehicle
running install
running install_lib
copying /home/thuvaraga/carla/carla_project/prj_ws/build/carla_vehicle/build/lib/carla_vehicle/vehicle.py -> /home/thuvaraga/carla/carla_project/prj_ws/install/carla_vehicle/lib/python3.10/site-packages/carla_vehicle
byte-compiling /home/thuvaraga/carla/carla_project/prj_ws/install/carla_vehicle/lib/python3.10/site-packages/carla_vehicle/vehicle.py to vehicle.cpython-310.pyc
running install_data
running install_egg_info
removing '/home/thuvaraga/carla/carla_project/prj_ws/install/carla_vehicle/lib/python3.10/site-packages/carla_vehicle-0.0.0-py3.10.egg-info' (and everything under it)
Copying ../../build/carla_vehicle/carla_vehicle.egg-info to /home/thuvaraga/carla/carla_project/prj_ws/install/carla_vehicle/lib/python3.10/site-packages/carla_vehicle-0.0.0-py3.10.egg-info
running install_scripts
Installing vehicle script to /home/thuvaraga/carla/carla_project/prj_ws/install/carla_vehicle/lib/carla_vehicle
writing list of installed files to '/home/thuvaraga/carla/carla_project/prj_ws/build/carla_vehicle/install.log'
